{"/Users/naut/Documents/dev/jm-bigcommerce-price-helper/dist/index.js":{"path":"/Users/naut/Documents/dev/jm-bigcommerce-price-helper/dist/index.js","s":{"1":1,"2":1,"3":1,"4":0,"5":0,"6":0,"7":0,"8":0,"9":0,"10":0,"11":1,"12":1,"13":1,"14":0,"15":0,"16":0,"17":0,"18":0,"19":0,"20":0,"21":0,"22":0,"23":0,"24":0,"25":0,"26":0,"27":0,"28":0,"29":0,"30":1,"31":1,"32":0,"33":0,"34":0,"35":0,"36":0,"37":0,"38":0,"39":0,"40":0,"41":0,"42":0,"43":0,"44":0,"45":0,"46":1,"47":1,"48":3,"49":1},"b":{"1":[1,1,1],"2":[1,0],"3":[1,1],"4":[0,0],"5":[0,0],"6":[0,0,0],"7":[0,0],"8":[0,0,0,0,0,0,0],"9":[0,0,0,0,0],"10":[0,0],"11":[0,0],"12":[0,0],"13":[0,0]},"f":{"1":1,"2":0,"3":0,"4":3},"fnMap":{"1":{"name":"(anonymous_1)","line":2,"loc":{"start":{"line":2,"column":50},"end":{"line":2,"column":65}}},"2":{"name":"calculatePriceInList","line":18,"loc":{"start":{"line":18,"column":0},"end":{"line":18,"column":64}}},"3":{"name":"calculateSimplePrice","line":47,"loc":{"start":{"line":47,"column":0},"end":{"line":47,"column":67}}},"4":{"name":"getHelloWorld","line":80,"loc":{"start":{"line":80,"column":0},"end":{"line":80,"column":25}}}},"statementMap":{"1":{"start":{"line":2,"column":0},"end":{"line":8,"column":2}},"2":{"start":{"line":3,"column":4},"end":{"line":3,"column":42}},"3":{"start":{"line":3,"column":31},"end":{"line":3,"column":42}},"4":{"start":{"line":4,"column":4},"end":{"line":4,"column":20}},"5":{"start":{"line":5,"column":4},"end":{"line":5,"column":99}},"6":{"start":{"line":5,"column":21},"end":{"line":5,"column":99}},"7":{"start":{"line":5,"column":40},"end":{"line":5,"column":99}},"8":{"start":{"line":5,"column":80},"end":{"line":5,"column":99}},"9":{"start":{"line":6,"column":4},"end":{"line":6,"column":28}},"10":{"start":{"line":7,"column":4},"end":{"line":7,"column":18}},"11":{"start":{"line":9,"column":0},"end":{"line":9,"column":62}},"12":{"start":{"line":10,"column":0},"end":{"line":10,"column":51}},"13":{"start":{"line":18,"column":0},"end":{"line":37,"column":1}},"14":{"start":{"line":19,"column":4},"end":{"line":19,"column":27}},"15":{"start":{"line":20,"column":4},"end":{"line":20,"column":75}},"16":{"start":{"line":21,"column":4},"end":{"line":21,"column":67}},"17":{"start":{"line":22,"column":4},"end":{"line":22,"column":71}},"18":{"start":{"line":23,"column":4},"end":{"line":23,"column":23}},"19":{"start":{"line":24,"column":4},"end":{"line":24,"column":45}},"20":{"start":{"line":25,"column":4},"end":{"line":25,"column":41}},"21":{"start":{"line":26,"column":4},"end":{"line":26,"column":41}},"22":{"start":{"line":27,"column":4},"end":{"line":27,"column":73}},"23":{"start":{"line":28,"column":4},"end":{"line":28,"column":93}},"24":{"start":{"line":29,"column":4},"end":{"line":29,"column":78}},"25":{"start":{"line":30,"column":4},"end":{"line":30,"column":115}},"26":{"start":{"line":31,"column":4},"end":{"line":35,"column":5}},"27":{"start":{"line":33,"column":8},"end":{"line":33,"column":82}},"28":{"start":{"line":34,"column":8},"end":{"line":34,"column":29}},"29":{"start":{"line":36,"column":4},"end":{"line":36,"column":25}},"30":{"start":{"line":38,"column":0},"end":{"line":38,"column":52}},"31":{"start":{"line":47,"column":0},"end":{"line":73,"column":1}},"32":{"start":{"line":48,"column":4},"end":{"line":48,"column":27}},"33":{"start":{"line":49,"column":4},"end":{"line":49,"column":45}},"34":{"start":{"line":50,"column":4},"end":{"line":50,"column":49}},"35":{"start":{"line":51,"column":4},"end":{"line":51,"column":45}},"36":{"start":{"line":52,"column":4},"end":{"line":52,"column":85}},"37":{"start":{"line":53,"column":4},"end":{"line":53,"column":89}},"38":{"start":{"line":54,"column":4},"end":{"line":54,"column":85}},"39":{"start":{"line":55,"column":4},"end":{"line":57,"column":54}},"40":{"start":{"line":58,"column":4},"end":{"line":60,"column":48}},"41":{"start":{"line":61,"column":4},"end":{"line":66,"column":6}},"42":{"start":{"line":68,"column":4},"end":{"line":71,"column":5}},"43":{"start":{"line":69,"column":8},"end":{"line":69,"column":41}},"44":{"start":{"line":70,"column":8},"end":{"line":70,"column":29}},"45":{"start":{"line":72,"column":4},"end":{"line":72,"column":25}},"46":{"start":{"line":74,"column":0},"end":{"line":74,"column":52}},"47":{"start":{"line":80,"column":0},"end":{"line":82,"column":1}},"48":{"start":{"line":81,"column":4},"end":{"line":81,"column":26}},"49":{"start":{"line":83,"column":0},"end":{"line":83,"column":38}}},"branchMap":{"1":{"line":2,"type":"binary-expr","locations":[{"start":{"line":2,"column":20},"end":{"line":2,"column":24}},{"start":{"line":2,"column":28},"end":{"line":2,"column":45}},{"start":{"line":2,"column":50},"end":{"line":8,"column":1}}]},"2":{"line":3,"type":"if","locations":[{"start":{"line":3,"column":4},"end":{"line":3,"column":4}},{"start":{"line":3,"column":4},"end":{"line":3,"column":4}}]},"3":{"line":3,"type":"binary-expr","locations":[{"start":{"line":3,"column":8},"end":{"line":3,"column":11}},{"start":{"line":3,"column":15},"end":{"line":3,"column":29}}]},"4":{"line":5,"type":"if","locations":[{"start":{"line":5,"column":4},"end":{"line":5,"column":4}},{"start":{"line":5,"column":4},"end":{"line":5,"column":4}}]},"5":{"line":5,"type":"if","locations":[{"start":{"line":5,"column":40},"end":{"line":5,"column":40}},{"start":{"line":5,"column":40},"end":{"line":5,"column":40}}]},"6":{"line":30,"type":"binary-expr","locations":[{"start":{"line":30,"column":27},"end":{"line":30,"column":51}},{"start":{"line":30,"column":57},"end":{"line":30,"column":94}},{"start":{"line":30,"column":99},"end":{"line":30,"column":114}}]},"7":{"line":31,"type":"if","locations":[{"start":{"line":31,"column":4},"end":{"line":31,"column":4}},{"start":{"line":31,"column":4},"end":{"line":31,"column":4}}]},"8":{"line":55,"type":"binary-expr","locations":[{"start":{"line":55,"column":25},"end":{"line":55,"column":38}},{"start":{"line":55,"column":42},"end":{"line":55,"column":67}},{"start":{"line":55,"column":71},"end":{"line":55,"column":86}},{"start":{"line":56,"column":9},"end":{"line":56,"column":34}},{"start":{"line":56,"column":38},"end":{"line":56,"column":61}},{"start":{"line":57,"column":9},"end":{"line":57,"column":33}},{"start":{"line":57,"column":37},"end":{"line":57,"column":52}}]},"9":{"line":58,"type":"binary-expr","locations":[{"start":{"line":58,"column":25},"end":{"line":58,"column":46}},{"start":{"line":58,"column":50},"end":{"line":58,"column":73}},{"start":{"line":59,"column":9},"end":{"line":59,"column":32}},{"start":{"line":59,"column":36},"end":{"line":59,"column":59}},{"start":{"line":60,"column":9},"end":{"line":60,"column":46}}]},"10":{"line":62,"type":"cond-expr","locations":[{"start":{"line":62,"column":50},"end":{"line":62,"column":67}},{"start":{"line":62,"column":70},"end":{"line":62,"column":87}}]},"11":{"line":62,"type":"binary-expr","locations":[{"start":{"line":62,"column":15},"end":{"line":62,"column":28}},{"start":{"line":62,"column":32},"end":{"line":62,"column":46}}]},"12":{"line":68,"type":"if","locations":[{"start":{"line":68,"column":4},"end":{"line":68,"column":4}},{"start":{"line":68,"column":4},"end":{"line":68,"column":4}}]},"13":{"line":68,"type":"binary-expr","locations":[{"start":{"line":68,"column":8},"end":{"line":68,"column":21}},{"start":{"line":68,"column":25},"end":{"line":68,"column":38}}]}}},"/Users/naut/Documents/dev/jm-bigcommerce-price-helper/dist/JmHelper.js":{"path":"/Users/naut/Documents/dev/jm-bigcommerce-price-helper/dist/JmHelper.js","s":{"1":1,"2":1,"3":1,"4":1,"5":1,"6":1,"7":1,"8":1,"9":1,"10":1,"11":1,"12":1,"13":1,"14":1,"15":1,"16":1,"17":1,"18":1,"19":1,"20":1,"21":1,"22":1,"23":1,"24":1,"25":1,"26":0,"27":0,"28":0,"29":0,"30":0,"31":0,"32":0,"33":0,"34":1,"35":1,"36":0,"37":0,"38":0,"39":0,"40":0,"41":1,"42":1,"43":0,"44":0,"45":0,"46":0,"47":0,"48":0,"49":0,"50":0,"51":0,"52":1,"53":1,"54":0,"55":0,"56":0,"57":0,"58":0,"59":0,"60":0},"b":{"1":[1,1,1],"2":[0,1],"3":[1,1],"4":[0,0],"5":[0,0],"6":[0,0],"7":[0,0,0,0],"8":[0,0],"9":[0,0],"10":[0,0],"11":[0,0],"12":[0,0],"13":[0,0],"14":[0,0],"15":[0,0,0],"16":[0,0]},"f":{"1":1,"2":0,"3":0,"4":0,"5":0},"fnMap":{"1":{"name":"(anonymous_1)","line":2,"loc":{"start":{"line":2,"column":56},"end":{"line":2,"column":71}}},"2":{"name":"getSafeValue","line":35,"loc":{"start":{"line":35,"column":0},"end":{"line":35,"column":57}}},"3":{"name":"convertCurrency","line":60,"loc":{"start":{"line":60,"column":0},"end":{"line":60,"column":46}}},"4":{"name":"getLocale","line":80,"loc":{"start":{"line":80,"column":0},"end":{"line":80,"column":33}}},"5":{"name":"safeParseFloat","line":99,"loc":{"start":{"line":99,"column":0},"end":{"line":99,"column":35}}}},"statementMap":{"1":{"start":{"line":2,"column":0},"end":{"line":4,"column":2}},"2":{"start":{"line":3,"column":4},"end":{"line":3,"column":62}},"3":{"start":{"line":5,"column":0},"end":{"line":5,"column":62}},"4":{"start":{"line":6,"column":0},"end":{"line":6,"column":50}},"5":{"start":{"line":7,"column":0},"end":{"line":7,"column":29}},"6":{"start":{"line":8,"column":0},"end":{"line":8,"column":20}},"7":{"start":{"line":9,"column":0},"end":{"line":9,"column":21}},"8":{"start":{"line":10,"column":0},"end":{"line":10,"column":20}},"9":{"start":{"line":11,"column":0},"end":{"line":11,"column":23}},"10":{"start":{"line":12,"column":0},"end":{"line":12,"column":20}},"11":{"start":{"line":13,"column":0},"end":{"line":13,"column":23}},"12":{"start":{"line":14,"column":0},"end":{"line":14,"column":20}},"13":{"start":{"line":15,"column":0},"end":{"line":15,"column":21}},"14":{"start":{"line":16,"column":0},"end":{"line":16,"column":20}},"15":{"start":{"line":17,"column":0},"end":{"line":17,"column":23}},"16":{"start":{"line":18,"column":0},"end":{"line":18,"column":20}},"17":{"start":{"line":19,"column":0},"end":{"line":19,"column":22}},"18":{"start":{"line":20,"column":0},"end":{"line":20,"column":20}},"19":{"start":{"line":21,"column":0},"end":{"line":21,"column":20}},"20":{"start":{"line":22,"column":0},"end":{"line":22,"column":23}},"21":{"start":{"line":23,"column":0},"end":{"line":23,"column":20}},"22":{"start":{"line":24,"column":0},"end":{"line":24,"column":22}},"23":{"start":{"line":25,"column":0},"end":{"line":25,"column":20}},"24":{"start":{"line":26,"column":0},"end":{"line":26,"column":23}},"25":{"start":{"line":35,"column":0},"end":{"line":50,"column":1}},"26":{"start":{"line":36,"column":4},"end":{"line":36,"column":76}},"27":{"start":{"line":37,"column":4},"end":{"line":39,"column":5}},"28":{"start":{"line":38,"column":8},"end":{"line":38,"column":33}},"29":{"start":{"line":40,"column":4},"end":{"line":42,"column":5}},"30":{"start":{"line":41,"column":8},"end":{"line":41,"column":33}},"31":{"start":{"line":43,"column":4},"end":{"line":48,"column":5}},"32":{"start":{"line":47,"column":8},"end":{"line":47,"column":33}},"33":{"start":{"line":49,"column":4},"end":{"line":49,"column":21}},"34":{"start":{"line":51,"column":0},"end":{"line":51,"column":36}},"35":{"start":{"line":60,"column":0},"end":{"line":71,"column":1}},"36":{"start":{"line":61,"column":4},"end":{"line":61,"column":36}},"37":{"start":{"line":62,"column":4},"end":{"line":62,"column":49}},"38":{"start":{"line":63,"column":4},"end":{"line":63,"column":34}},"39":{"start":{"line":64,"column":4},"end":{"line":64,"column":60}},"40":{"start":{"line":65,"column":4},"end":{"line":70,"column":26}},"41":{"start":{"line":72,"column":0},"end":{"line":72,"column":42}},"42":{"start":{"line":80,"column":0},"end":{"line":96,"column":1}},"43":{"start":{"line":81,"column":4},"end":{"line":95,"column":5}},"44":{"start":{"line":82,"column":8},"end":{"line":82,"column":23}},"45":{"start":{"line":84,"column":9},"end":{"line":95,"column":5}},"46":{"start":{"line":85,"column":8},"end":{"line":85,"column":23}},"47":{"start":{"line":87,"column":9},"end":{"line":95,"column":5}},"48":{"start":{"line":88,"column":8},"end":{"line":88,"column":23}},"49":{"start":{"line":90,"column":9},"end":{"line":95,"column":5}},"50":{"start":{"line":91,"column":8},"end":{"line":91,"column":23}},"51":{"start":{"line":94,"column":8},"end":{"line":94,"column":23}},"52":{"start":{"line":97,"column":0},"end":{"line":97,"column":30}},"53":{"start":{"line":99,"column":0},"end":{"line":109,"column":1}},"54":{"start":{"line":100,"column":4},"end":{"line":100,"column":21}},"55":{"start":{"line":101,"column":4},"end":{"line":103,"column":5}},"56":{"start":{"line":102,"column":8},"end":{"line":102,"column":24}},"57":{"start":{"line":104,"column":4},"end":{"line":104,"column":37}},"58":{"start":{"line":105,"column":4},"end":{"line":107,"column":5}},"59":{"start":{"line":106,"column":8},"end":{"line":106,"column":21}},"60":{"start":{"line":108,"column":4},"end":{"line":108,"column":20}}},"branchMap":{"1":{"line":2,"type":"binary-expr","locations":[{"start":{"line":2,"column":23},"end":{"line":2,"column":27}},{"start":{"line":2,"column":31},"end":{"line":2,"column":51}},{"start":{"line":2,"column":56},"end":{"line":4,"column":1}}]},"2":{"line":3,"type":"cond-expr","locations":[{"start":{"line":3,"column":37},"end":{"line":3,"column":40}},{"start":{"line":3,"column":43},"end":{"line":3,"column":61}}]},"3":{"line":3,"type":"binary-expr","locations":[{"start":{"line":3,"column":12},"end":{"line":3,"column":15}},{"start":{"line":3,"column":19},"end":{"line":3,"column":33}}]},"4":{"line":37,"type":"if","locations":[{"start":{"line":37,"column":4},"end":{"line":37,"column":4}},{"start":{"line":37,"column":4},"end":{"line":37,"column":4}}]},"5":{"line":40,"type":"if","locations":[{"start":{"line":40,"column":4},"end":{"line":40,"column":4}},{"start":{"line":40,"column":4},"end":{"line":40,"column":4}}]},"6":{"line":43,"type":"if","locations":[{"start":{"line":43,"column":4},"end":{"line":43,"column":4}},{"start":{"line":43,"column":4},"end":{"line":43,"column":4}}]},"7":{"line":43,"type":"binary-expr","locations":[{"start":{"line":43,"column":8},"end":{"line":43,"column":26}},{"start":{"line":44,"column":8},"end":{"line":44,"column":29}},{"start":{"line":45,"column":9},"end":{"line":45,"column":49}},{"start":{"line":46,"column":12},"end":{"line":46,"column":62}}]},"8":{"line":64,"type":"binary-expr","locations":[{"start":{"line":64,"column":27},"end":{"line":64,"column":39}},{"start":{"line":64,"column":43},"end":{"line":64,"column":58}}]},"9":{"line":67,"type":"binary-expr","locations":[{"start":{"line":67,"column":18},"end":{"line":67,"column":30}},{"start":{"line":67,"column":34},"end":{"line":67,"column":49}}]},"10":{"line":81,"type":"if","locations":[{"start":{"line":81,"column":4},"end":{"line":81,"column":4}},{"start":{"line":81,"column":4},"end":{"line":81,"column":4}}]},"11":{"line":84,"type":"if","locations":[{"start":{"line":84,"column":9},"end":{"line":84,"column":9}},{"start":{"line":84,"column":9},"end":{"line":84,"column":9}}]},"12":{"line":87,"type":"if","locations":[{"start":{"line":87,"column":9},"end":{"line":87,"column":9}},{"start":{"line":87,"column":9},"end":{"line":87,"column":9}}]},"13":{"line":90,"type":"if","locations":[{"start":{"line":90,"column":9},"end":{"line":90,"column":9}},{"start":{"line":90,"column":9},"end":{"line":90,"column":9}}]},"14":{"line":101,"type":"if","locations":[{"start":{"line":101,"column":4},"end":{"line":101,"column":4}},{"start":{"line":101,"column":4},"end":{"line":101,"column":4}}]},"15":{"line":101,"type":"binary-expr","locations":[{"start":{"line":101,"column":8},"end":{"line":101,"column":24}},{"start":{"line":101,"column":28},"end":{"line":101,"column":46}},{"start":{"line":101,"column":50},"end":{"line":101,"column":73}}]},"16":{"line":105,"type":"if","locations":[{"start":{"line":105,"column":4},"end":{"line":105,"column":4}},{"start":{"line":105,"column":4},"end":{"line":105,"column":4}}]}}}}